<?xml version='1.0' encoding='UTF-8'?>
<testsuite hostname="geo" name="numberTranslator.NumberTranslatorTests" tests="8" errors="0" failures="0" skipped="0" time="0.031">
                     <properties>
[...]
</properties>
                     <testcase classname="numberTranslator.NumberTranslatorTests" name="NumberTranslator should throw an exception on a non-number input" time="0.016">
                                                 
                                               </testcase><testcase classname="numberTranslator.NumberTranslatorTests" name="NumberTranslator should throw an exception on an input longer than 9 digits" time="0.0">
                                                 
                                               </testcase><testcase classname="numberTranslator.NumberTranslatorTests" name="NumberTranslator should throw an exception on an empty input" time="0.0">
                                                 
                                               </testcase><testcase classname="numberTranslator.NumberTranslatorTests" name="NumberTranslator should correctly process 1-digit numbers" time="0.015">
                                                 
                                               </testcase><testcase classname="numberTranslator.NumberTranslatorTests" name="NumberTranslator should correctly process 2-digit numbers" time="0.0">
                                                 
                                               </testcase><testcase classname="numberTranslator.NumberTranslatorTests" name="NumberTranslator should correctly process 3-digit numbers" time="0.0">
                                                 
                                               </testcase><testcase classname="numberTranslator.NumberTranslatorTests" name="NumberTranslator should correctly process numbers in the thousands" time="0.0">
                                                 
                                               </testcase><testcase classname="numberTranslator.NumberTranslatorTests" name="NumberTranslator should correctly process numbers in the millions" time="0.0">
                                                 
                                               </testcase>
                     <system-out></system-out>
                     <system-err></system-err>
                   </testsuite>